<?xml version="1.0" encoding="UTF-8"?>
<!-- Generated by org.testng.reporters.JUnitReportReporter -->
<testsuite skipped="0" hostname="CBT-MH-000" name="com.twitter.API.Search2" tests="1" failures="0" timestamp="29 Oct 2019 05:15:39 GMT" time="5.558" errors="0">
  <testcase name="run" time="5.558" classname="com.twitter.API.Search2"/>
</testsuite> <!-- com.twitter.API.Search2 -->
