<?xml version="1.0" encoding="UTF-8"?>
<!-- Generated by org.testng.reporters.JUnitReportReporter -->
<testsuite skipped="0" hostname="LAPTOP-JII3IB0I" name="com.twitter.API.Trending" tests="1" failures="0" timestamp="23 Oct 2019 19:00:16 GMT" time="6.423" errors="0">
  <testcase name="run" time="6.423" classname="com.twitter.API.Trending"/>
</testsuite> <!-- com.twitter.API.Trending -->
