<?xml version="1.0" encoding="UTF-8"?>
<!-- Generated by org.testng.reporters.JUnitReportReporter -->
<testsuite skipped="0" hostname="LAPTOP-JII3IB0I" name="com.twitter.API.WeatherUpdates" tests="1" failures="0" timestamp="20 Oct 2019 18:24:39 GMT" time="3.207" errors="0">
  <testcase name="f" time="3.207" classname="com.twitter.API.WeatherUpdates"/>
</testsuite> <!-- com.twitter.API.WeatherUpdates -->
