<?xml version="1.0" encoding="UTF-8"?>
<!-- Generated by org.testng.reporters.JUnitReportReporter -->
<testsuite skipped="0" hostname="CBT-MH-000" name="com.twitter.API.DisplayName" tests="1" failures="0" timestamp="29 Oct 2019 05:16:41 GMT" time="6.918" errors="0">
  <testcase name="run" time="6.918" classname="com.twitter.API.DisplayName"/>
</testsuite> <!-- com.twitter.API.DisplayName -->
