<?xml version="1.0" encoding="UTF-8"?>
<!-- Generated by org.testng.reporters.JUnitReportReporter -->
<testsuite skipped="0" hostname="CBT-MH-000" name="com.twitter.API.Trends" tests="1" failures="0" timestamp="29 Oct 2019 05:17:16 GMT" time="7.030" errors="0">
  <testcase name="run" time="7.030" classname="com.twitter.API.Trends"/>
</testsuite> <!-- com.twitter.API.Trends -->
