<?xml version="1.0" encoding="UTF-8"?>
<!-- Generated by org.testng.reporters.JUnitReportReporter -->
<testsuite skipped="0" hostname="LAPTOP-JII3IB0I" name="com.twitter.API.SearchTweet" tests="1" failures="0" timestamp="13 Oct 2019 19:22:34 GMT" time="4.554" errors="0">
  <testcase name="run" time="4.554" classname="com.twitter.API.SearchTweet"/>
</testsuite> <!-- com.twitter.API.SearchTweet -->
