<?xml version="1.0" encoding="UTF-8"?>
<!-- Generated by org.testng.reporters.JUnitReportReporter -->
<testsuite skipped="0" hostname="LAPTOP-JII3IB0I" name="com.twitter.API.Tweet_first" tests="1" failures="0" timestamp="23 Oct 2019 18:39:46 GMT" time="4.662" errors="0">
  <testcase name="run" time="4.662" classname="com.twitter.API.Tweet_first"/>
</testsuite> <!-- com.twitter.API.Tweet_first -->
