<?xml version="1.0" encoding="UTF-8"?>
<!-- Generated by org.testng.reporters.JUnitReportReporter -->
<testsuite skipped="0" hostname="CBT-MH-000" name="com.twitter.API.Tweet" tests="1" failures="0" timestamp="29 Oct 2019 05:10:59 GMT" time="5.507" errors="0">
  <testcase name="run" time="5.507" classname="com.twitter.API.Tweet"/>
</testsuite> <!-- com.twitter.API.Tweet -->
