<?xml version="1.0" encoding="UTF-8"?>
<!-- Generated by org.testng.reporters.JUnitReportReporter -->
<testsuite skipped="0" hostname="CBT-MH-000" name="com.twitter.API.BlockUser" tests="1" failures="0" timestamp="29 Oct 2019 05:17:40 GMT" time="4.991" errors="0">
  <testcase name="run" time="4.991" classname="com.twitter.API.BlockUser"/>
</testsuite> <!-- com.twitter.API.BlockUser -->
