<?xml version="1.0" encoding="UTF-8"?>
<!-- Generated by org.testng.reporters.JUnitReportReporter -->
<testsuite skipped="0" hostname="LAPTOP-JII3IB0I" name="com.twitter.API.NewTest" tests="1" failures="0" timestamp="13 Oct 2019 15:41:33 GMT" time="3.889" errors="0">
  <testcase name="run" time="3.889" classname="com.twitter.API.NewTest"/>
</testsuite> <!-- com.twitter.API.NewTest -->
